\BOOKMARK [0][]{chapter*.2}{Índice general}{}% 1
\BOOKMARK [0][]{chapter*.3}{Índice de figuras}{}% 2
\BOOKMARK [0][]{chapter*.4}{Índice de tablas}{}% 3
\BOOKMARK [0][]{chapter.1}{Introducción}{}% 4
\BOOKMARK [1][]{section.1.1}{Presentación del Documento}{chapter.1}% 5
\BOOKMARK [1][]{section.1.2}{Motivación}{chapter.1}% 6
\BOOKMARK [0][]{chapter.2}{Objetivos\040y\040alcance}{}% 7
\BOOKMARK [1][]{section.2.1}{Objetivos}{chapter.2}% 8
\BOOKMARK [1][]{section.2.2}{Alcance}{chapter.2}% 9
\BOOKMARK [0][]{chapter.3}{Producto\040final}{}% 10
\BOOKMARK [0][]{chapter.4}{Descripción de realización}{}% 11
\BOOKMARK [1][]{section.4.1}{Método de desarrollo}{chapter.4}% 12
\BOOKMARK [2][]{subsection.4.1.1}{Productos\040intermedios}{section.4.1}% 13
\BOOKMARK [2][]{subsection.4.1.2}{EDT}{section.4.1}% 14
\BOOKMARK [1][]{section.4.2}{Tareas\040principales}{chapter.4}% 15
\BOOKMARK [2][]{subsection.4.2.1}{Análisis de las herramientas a usar:}{section.4.2}% 16
\BOOKMARK [2][]{subsection.4.2.2}{Integración y modelado de datos:}{section.4.2}% 17
\BOOKMARK [2][]{subsection.4.2.3}{Creación parte servidora del sistema:}{section.4.2}% 18
\BOOKMARK [2][]{subsection.4.2.4}{Creación de la aplicación web:}{section.4.2}% 19
\BOOKMARK [2][]{subsection.4.2.5}{Validación técnica y de usabilidad:}{section.4.2}% 20
\BOOKMARK [2][]{subsection.4.2.6}{Documentación y despliegue en producción:}{section.4.2}% 21
\BOOKMARK [1][]{section.4.3}{Hoja\040de\040Tareas}{chapter.4}% 22
\BOOKMARK [0][]{chapter.5}{Organización, Equipo}{}% 23
\BOOKMARK [1][]{section.5.1}{Esquema\040organizativo}{chapter.5}% 24
\BOOKMARK [1][]{section.5.2}{Plan\040de\040Recursos\040Humanos}{chapter.5}% 25
\BOOKMARK [0][]{chapter.6}{Condiciones de ejecución}{}% 26
\BOOKMARK [1][]{section.6.1}{Entorno\040de\040trabajo}{chapter.6}% 27
\BOOKMARK [1][]{section.6.2}{Control\040de\040cambios}{chapter.6}% 28
\BOOKMARK [1][]{section.6.3}{Recepción de productos}{chapter.6}% 29
\BOOKMARK [0][]{chapter.7}{Planificación}{}% 30
\BOOKMARK [1][]{section.7.1}{Diagrama\040de\040precedencias}{chapter.7}% 31
\BOOKMARK [1][]{section.7.2}{Equipo\040Real}{chapter.7}% 32
\BOOKMARK [1][]{section.7.3}{Plan\040de\040trabajo}{chapter.7}% 33
\BOOKMARK [1][]{section.7.4}{Diagrama\040de\040Gantt}{chapter.7}% 34
\BOOKMARK [1][]{section.7.5}{Estimación de cargas de trabajo por perfil}{chapter.7}% 35
\BOOKMARK [0][]{chapter.8}{Presupuesto}{}% 36
\BOOKMARK [1][]{section.8.1}{Recursos\040Humanos}{chapter.8}% 37
\BOOKMARK [1][]{section.8.2}{Recursos\040Software}{chapter.8}% 38
\BOOKMARK [1][]{section.8.3}{Recursos\040Hardware}{chapter.8}% 39
\BOOKMARK [1][]{section.8.4}{Total}{chapter.8}% 40
