\BOOKMARK [0][]{chapter*.2}{Índice general}{}% 1
\BOOKMARK [0][]{chapter*.3}{Índice de figuras}{}% 2
\BOOKMARK [0][]{chapter*.4}{Índice de tablas}{}% 3
\BOOKMARK [0][]{chapter*.5}{Índice de algoritmos}{}% 4
\BOOKMARK [0][]{chapter.1}{Introducción}{}% 5
\BOOKMARK [1][]{section.1.1}{Presentación del Documento}{chapter.1}% 6
\BOOKMARK [1][]{section.1.2}{Motivación}{chapter.1}% 7
\BOOKMARK [0][]{chapter.2}{Objetivos\040del\040proyecto}{}% 8
\BOOKMARK [1][]{section.2.1}{Visión general}{chapter.2}% 9
\BOOKMARK [1][]{section.2.2}{Definición del proyecto}{chapter.2}% 10
\BOOKMARK [1][]{section.2.3}{Producto\040final}{chapter.2}% 11
\BOOKMARK [1][]{section.2.4}{Descripción de la realización}{chapter.2}% 12
\BOOKMARK [1][]{section.2.5}{Planificación}{chapter.2}% 13
\BOOKMARK [1][]{section.2.6}{Presupuesto}{chapter.2}% 14
\BOOKMARK [0][]{chapter.3}{Especificación de Requisitos}{}% 15
\BOOKMARK [1][]{section.3.1}{Visión general}{chapter.3}% 16
\BOOKMARK [1][]{section.3.2}{Requisitos\040funcionales}{chapter.3}% 17
\BOOKMARK [1][]{section.3.3}{Requisitos\040no-funcionales}{chapter.3}% 18
\BOOKMARK [1][]{section.3.4}{Criterios de validación}{chapter.3}% 19
\BOOKMARK [0][]{chapter.4}{Especificación del Diseño}{}% 20
\BOOKMARK [1][]{section.4.1}{Visión general}{chapter.4}% 21
\BOOKMARK [1][]{section.4.2}{Arquitectura}{chapter.4}% 22
\BOOKMARK [1][]{section.4.3}{Diagramas\040de\040actividad}{chapter.4}% 23
\BOOKMARK [1][]{section.4.4}{Diagrama\040de\040clases}{chapter.4}% 24
\BOOKMARK [1][]{section.4.5}{Tecnologías utilizadas}{chapter.4}% 25
\BOOKMARK [0][]{chapter.5}{Consideracones sobre la implementación}{}% 26
\BOOKMARK [1][]{section.5.1}{Visión general}{chapter.5}% 27
\BOOKMARK [1][]{section.5.2}{Reglas\040de\040estilo}{chapter.5}% 28
\BOOKMARK [1][]{section.5.3}{Entorno\040de\040desarrollo}{chapter.5}% 29
\BOOKMARK [1][]{section.5.4}{Código y jerarquía de proyecto}{chapter.5}% 30
\BOOKMARK [1][]{section.5.5}{Desarrollo\040del\040juego}{chapter.5}% 31
\BOOKMARK [0][]{chapter.6}{Plan\040de\040Pruebas}{}% 32
\BOOKMARK [0][]{chapter.7}{Manual\040de\040Usuario}{}% 33
\BOOKMARK [0][]{chapter.8}{Incidencias}{}% 34
\BOOKMARK [0][]{chapter.9}{Conclusiones y Líneas Futuras}{}% 35
\BOOKMARK [1][]{section.9.1}{Visión general}{chapter.9}% 36
\BOOKMARK [1][]{section.9.2}{Objetivos\040cumplidos}{chapter.9}% 37
\BOOKMARK [1][]{section.9.3}{Consideraciones\040del\040trabajo\040realizado}{chapter.9}% 38
\BOOKMARK [1][]{section.9.4}{Líneas Futuras}{chapter.9}% 39
\BOOKMARK [0][]{appendix*.6}{Agradecimientos}{}% 40
